22:02:11.00963: Starting movement.
22:02:16.00229: Running sequence : sq_up_9_15
22:02:16.00252: mpus  : [-0.76, 68.84, 13.54, -108.61]
22:02:16.00263: servos: [-116.75, -54.33, 69.08, 0.0]
22:02:16.00269: planes: [68.61, 54.34, 85.05]
22:02:16.00275: ----------------------------------
22:02:16.00429: mpus  : [-1.12, 68.08, 13.06, -113.41]
22:02:16.00429: servos: [-112.18, -59.81, 69.98, 0.0]
22:02:16.00430: planes: [68.7, 54.55, 79.96]
22:02:16.00430: ----------------------------------
22:02:16.00656: mpus  : [-0.91, 68.57, 7.3, -107.77]
22:02:16.00662: servos: [-107.68, -64.62, 69.99, 0.0]
22:02:16.00668: planes: [69.48, 61.29, 73.33]
22:02:16.00674: ----------------------------------
22:02:16.00798: mpus  : [-1.1, 68.37, 5.99, -99.92]
22:02:16.00799: servos: [-104.66, -67.74, 69.99, 0.0]
22:02:16.00799: planes: [69.59, 62.52, 70.29]
22:02:16.00800: ----------------------------------
22:02:16.00915: mpus  : [-1.54, 67.91, 4.33, -99.1]
22:02:16.00921: servos: [-102.1, -70.31, 69.99, 0.0]
22:02:16.00922: planes: [68.87, 63.09, 70.87]
22:02:16.00922: ----------------------------------
22:02:17.00026: mpus  : [-0.76, 66.32, 1.4, -105.8]
22:02:17.00032: servos: [-99.51, -72.88, 70.0, 0.0]
22:02:17.00033: planes: [66.84, 64.69, 67.26]
22:02:17.00039: ----------------------------------
22:02:17.00142: mpus  : [-1.12, 66.18, 0.67, -103.05]
22:02:17.00142: servos: [-97.43, -74.89, 69.99, 0.0]
22:02:17.00143: planes: [66.51, 64.74, 67.49]
22:02:17.00144: ----------------------------------
22:02:17.00363: mpus  : [-1.19, 67.17, -9.17, -105.32]
22:02:17.00370: servos: [-92.1, -79.91, 69.98, 0.0]
22:02:17.00371: planes: [66.89, 74.85, 58.01]
22:02:17.00377: ----------------------------------
22:02:17.00476: mpus  : [-1.96, 66.77, -11.74, -103.85]
22:02:17.00476: servos: [-89.36, -82.42, 69.99, 0.0]
22:02:17.00477: planes: [67.38, 77.13, 58.75]
22:02:17.00477: ----------------------------------
22:02:17.00659: mpus  : [-0.66, 65.53, -13.55, -108.66]
22:02:17.00665: servos: [-84.87, -86.45, 69.99, 0.0]
22:02:17.00671: planes: [65.74, 78.58, 52.19]
22:02:17.00676: ----------------------------------
22:02:17.00798: mpus  : [0.74, 65.18, -10.37, -107.69]
22:02:17.00798: servos: [-84.29, -86.96, 69.99, 0.0]
22:02:17.00799: planes: [65.09, 76.15, 57.93]
22:02:17.00799: ----------------------------------
22:02:17.00938: mpus  : [1.46, 67.25, -14.27, -106.48]
22:02:17.00939: servos: [-84.29, -86.96, 69.99, 0.0]
22:02:17.00939: planes: [65.65, 81.31, 52.69]
22:02:17.00940: ----------------------------------
22:02:18.00077: mpus  : [2.01, 67.62, -15.46, -106.6]
22:02:18.00083: servos: [-84.29, -86.96, 69.99, 0.0]
22:02:18.00089: planes: [65.32, 82.72, 53.88]
22:02:18.00095: ----------------------------------
22:02:18.00273: mpus  : [0.76, 68.44, -17.03, -107.01]
22:02:18.00279: servos: [-84.29, -86.96, 69.99, 0.0]
22:02:18.00285: planes: [66.09, 83.79, 53.68]
22:02:18.00292: ----------------------------------
22:02:18.00398: mpus  : [0.13, 67.65, -17.79, -107.63]
22:02:18.00399: servos: [-84.29, -86.96, 69.99, 0.0]
22:02:18.00399: planes: [66.04, 83.88, 52.85]
22:02:18.00406: ----------------------------------
22:02:18.00591: mpus  : [0.25, 67.54, -17.73, -107.98]
22:02:18.00598: servos: [-84.29, -86.96, 69.99, 0.0]
22:02:18.00604: planes: [66.31, 84.22, 52.97]
22:02:18.00621: ----------------------------------
22:02:18.00793: mpus  : [0.04, 67.85, -17.75, -107.65]
22:02:18.00800: servos: [-84.29, -86.96, 69.99, 0.0]
22:02:18.00806: planes: [66.81, 84.53, 53.43]
22:02:18.00812: ----------------------------------
22:02:19.00000: mpus  : [-0.06, 68.28, -17.99, -107.87]
22:02:19.00001: servos: [-84.29, -86.96, 69.99, 0.0]
22:02:19.00007: planes: [67.25, 85.12, 53.44]
22:02:19.00014: ----------------------------------
22:02:19.00150: Running sequence : sq_forward_15
22:02:19.00196: mpus  : [-0.01, 68.42, -17.7, -107.84]
22:02:19.00196: servos: [-84.58, -87.17, 69.99, 0.22]
22:02:19.00197: planes: [67.63, 85.27, 53.61]
22:02:19.00197: ----------------------------------
22:02:19.00321: mpus  : [0.26, 68.72, -17.19, -106.97]
22:02:19.00321: servos: [-85.78, -88.43, 69.98, 1.43]
22:02:19.00334: planes: [67.29, 84.68, 55.48]
22:02:19.00334: ----------------------------------
22:02:19.00504: mpus  : [-0.96, 69.61, -17.35, -108.58]
22:02:19.00510: servos: [-87.26, -91.26, 69.99, 4.07]
22:02:19.00516: planes: [69.26, 85.59, 51.51]
22:02:19.00521: ----------------------------------
22:02:19.00686: mpus  : [1.38, 66.69, -23.19, -108.46]
22:02:19.00692: servos: [-87.92, -94.29, 69.98, 7.11]
22:02:19.00698: planes: [65.57, 89.93, 40.72]
22:02:19.00703: ----------------------------------
22:02:19.00870: mpus  : [-4.4, 73.58, -22.29, -108.52]
22:02:19.00876: servos: [-87.92, -94.29, 69.98, 7.11]
22:02:19.00881: planes: [71.88, 89.46, 36.18]
22:02:19.00887: ----------------------------------
22:02:19.00985: mpus  : [2.17, 71.31, -21.12, -111.78]
22:02:19.00985: servos: [-87.92, -94.29, 69.98, 7.11]
22:02:19.00985: planes: [66.09, 89.19, 34.99]
22:02:19.00985: ----------------------------------
22:02:20.00102: mpus  : [6.41, 75.54, -19.88, -111.37]
22:02:20.00102: servos: [-87.92, -94.29, 69.98, 7.11]
22:02:20.00102: planes: [67.09, 93.25, 40.62]
22:02:20.00103: ----------------------------------
22:02:20.00209: mpus  : [7.49, 76.22, -17.38, -108.68]
22:02:20.00215: servos: [-87.92, -94.29, 69.98, 7.11]
22:02:20.00222: planes: [66.85, 91.55, 47.33]
22:02:20.00228: ----------------------------------
22:02:20.00349: mpus  : [8.49, 77.68, -15.19, -107.87]
22:02:20.00356: servos: [-87.92, -94.29, 69.98, 7.11]
22:02:20.00356: planes: [69.81, 93.19, 50.65]
22:02:20.00368: ----------------------------------
22:02:20.00482: mpus  : [9.46, 80.41, -9.13, -107.19]
22:02:20.00483: servos: [-87.92, -94.29, 69.98, 7.11]
22:02:20.00483: planes: [70.51, 88.71, 57.4]
22:02:20.00483: ----------------------------------
22:02:20.00633: mpus  : [8.32, 82.58, -9.52, -103.61]
22:02:20.00639: servos: [-87.92, -94.29, 69.98, 7.11]
22:02:20.00645: planes: [72.36, 89.88, 63.7]
22:02:20.00650: ----------------------------------
22:02:20.00809: mpus  : [3.75, 81.66, -10.23, -104.78]
22:02:20.00815: servos: [-87.92, -94.29, 69.98, 7.11]
22:02:20.00820: planes: [72.81, 86.53, 64.46]
22:02:20.00826: ----------------------------------
22:02:20.00996: mpus  : [0.09, 75.1, -19.66, -108.55]
22:02:20.00996: servos: [-87.92, -94.29, 69.98, 7.11]
22:02:21.00002: planes: [71.25, 90.96, 52.11]
22:02:21.00007: ----------------------------------
22:02:21.00154: mpus  : [1.63, 75.15, -16.59, -110.31]
22:02:21.00160: servos: [-87.74, -93.11, 70.0, 4.8]
22:02:21.00166: planes: [70.89, 89.03, 52.71]
22:02:21.00172: ----------------------------------
22:02:21.00296: mpus  : [2.94, 73.47, -18.04, -112.73]
22:02:21.00305: servos: [-87.31, -91.42, 70.0, 1.74]
22:02:21.00311: planes: [69.61, 90.51, 47.91]
22:02:21.00317: ----------------------------------
22:02:21.00450: mpus  : [5.06, 74.21, -13.56, -110.4]
22:02:21.00456: servos: [-86.52, -89.6, 70.0, -1.32]
22:02:21.00463: planes: [67.35, 85.88, 53.03]
22:02:21.00469: ----------------------------------
22:02:21.00629: mpus  : [5.19, 73.8, -13.17, -107.49]
22:02:21.00635: servos: [-85.4, -87.99, 69.99, -3.94]
22:02:21.00636: planes: [66.53, 84.91, 56.96]
22:02:21.00636: ----------------------------------
22:02:21.00762: mpus  : [-0.17, 73.49, -12.76, -108.31]
22:02:21.00762: servos: [-84.16, -86.82, 69.99, -5.88]
22:02:21.00768: planes: [70.51, 83.04, 53.52]
22:02:21.00774: ----------------------------------
22:02:21.00936: mpus  : [-1.71, 70.57, -15.03, -111.28]
22:02:21.00942: servos: [-82.35, -85.74, 69.99, -7.87]
22:02:21.00942: planes: [70.19, 83.54, 50.65]
22:02:21.00942: ----------------------------------
22:02:22.00041: mpus  : [-1.27, 70.38, -12.53, -110.41]
22:02:22.00047: servos: [-81.47, -85.36, 69.99, -8.64]
22:02:22.00048: planes: [69.57, 80.65, 51.76]
22:02:22.00053: ----------------------------------
22:02:22.00258: mpus  : [-3.6, 63.83, -12.78, -104.45]
22:02:22.00264: servos: [-81.47, -85.36, 69.99, -8.64]
22:02:22.00270: planes: [65.59, 74.87, 58.04]
22:02:22.00277: ----------------------------------
22:02:22.00418: mpus  : [-10.66, 64.99, -13.76, -112.3]
22:02:22.00419: servos: [-81.47, -85.36, 69.99, -8.64]
22:02:22.00425: planes: [72.85, 76.03, 52.92]
22:02:22.00431: ----------------------------------
22:02:22.00566: mpus  : [-7.27, 65.18, -13.09, -110.66]
22:02:22.00566: servos: [-81.47, -85.36, 69.99, -8.64]
22:02:22.00567: planes: [72.0, 77.77, 54.69]
22:02:22.00567: ----------------------------------
22:02:22.00695: mpus  : [-3.62, 66.76, -10.35, -108.37]
22:02:22.00696: servos: [-81.47, -85.36, 69.99, -8.64]
22:02:22.00702: planes: [71.68, 78.4, 56.71]
22:02:22.00708: ----------------------------------
22:02:22.00826: mpus  : [-3.18, 68.96, -12.43, -105.01]
22:02:22.00827: servos: [-81.47, -85.37, 69.99, -8.64]
22:02:22.00827: planes: [71.99, 81.24, 59.61]
22:02:22.00833: ----------------------------------
22:02:23.00010: mpus  : [-5.3, 67.64, -16.35, -104.1]
22:02:23.00016: servos: [-81.47, -85.37, 69.99, -8.64]
22:02:23.00022: planes: [70.92, 81.97, 59.7]
22:02:23.00029: ----------------------------------
22:02:23.00119: mpus  : [-7.62, 67.41, -18.66, -103.79]
22:02:23.00120: servos: [-81.47, -85.37, 69.99, -8.64]
22:02:23.00120: planes: [72.45, 83.5, 56.55]
22:02:23.00130: ----------------------------------
22:02:23.00238: mpus  : [-5.78, 67.03, -18.9, -104.71]
22:02:23.00244: servos: [-81.47, -85.37, 69.99, -8.64]
22:02:23.00250: planes: [72.43, 85.5, 55.03]
22:02:23.00255: ----------------------------------
22:02:23.00425: mpus  : [-5.64, 66.3, -14.87, -104.78]
22:02:23.00431: servos: [-81.47, -85.37, 69.99, -8.64]
22:02:23.00437: planes: [72.27, 81.49, 60.62]
22:02:23.00443: ----------------------------------
22:02:23.00552: mpus  : [-6.58, 68.21, -16.81, -102.37]
22:02:23.00552: servos: [-80.56, -85.06, 69.99, -6.07]
22:02:23.00553: planes: [73.66, 83.9, 60.58]
22:02:23.00553: ----------------------------------
22:02:23.00727: mpus  : [-7.07, 68.58, -18.89, -107.3]
22:02:23.00728: servos: [-79.06, -84.72, 69.99, -2.72]
22:02:23.00728: planes: [72.93, 84.71, 54.02]
22:02:23.00729: ----------------------------------
22:02:23.00863: mpus  : [-5.14, 67.99, -17.75, -106.64]
22:02:23.00869: servos: [-77.55, -84.53, 69.99, -0.04]
22:02:23.00875: planes: [70.02, 82.49, 54.14]
22:02:23.00881: ----------------------------------
22:02:23.00994: mpus  : [-0.07, 68.24, -14.92, -104.27]
22:02:24.00000: servos: [-76.12, -84.45, 69.99, 2.04]
22:02:24.00000: planes: [67.4, 82.19, 53.86]
22:02:24.00006: ----------------------------------
22:02:24.00180: mpus  : [-3.05, 66.47, -16.48, -93.89]
22:02:24.00187: servos: [-77.47, -78.15, 65.63, 5.5]
22:02:24.00187: planes: [67.01, 80.49, 54.11]
22:02:24.00188: ----------------------------------
22:02:24.00292: mpus  : [-3.55, 67.62, -14.92, -95.19]
22:02:24.00292: servos: [-78.78, -74.24, 63.02, 6.92]
22:02:24.00293: planes: [64.28, 75.61, 56.48]
22:02:24.00293: ----------------------------------
22:02:24.00402: mpus  : [-5.38, 67.27, -14.92, -98.03]
22:02:24.00403: servos: [-80.69, -68.9, 59.59, 8.6]
22:02:24.00403: planes: [64.18, 73.57, 58.85]
22:02:24.00409: ----------------------------------
22:02:24.00594: mpus  : [-4.28, 57.6, -9.58, -105.63]
22:02:24.00600: servos: [-84.98, -66.3, 61.28, 8.49]
22:02:24.00606: planes: [56.82, 61.98, 55.82]
22:02:24.00613: ----------------------------------
22:02:24.00770: mpus  : [-3.41, 57.95, -6.44, -104.88]
22:02:24.00776: servos: [-89.38, -67.76, 67.14, 6.4]
22:02:24.00777: planes: [57.39, 60.37, 64.55]
22:02:24.00782: ----------------------------------
22:02:24.00968: mpus  : [-7.57, 58.09, -7.61, -106.78]
22:02:24.00974: servos: [-99.22, -62.45, 70.0, 3.41]
22:02:24.00975: planes: [65.99, 66.02, 68.43]
22:02:24.00975: ----------------------------------
22:02:25.00138: mpus  : [-6.8, 63.43, -0.31, -113.15]
22:02:25.00144: servos: [-108.29, -55.19, 69.99, 0.8]
22:02:25.00150: planes: [73.04, 66.53, 60.21]
22:02:25.00156: ----------------------------------
22:02:25.00351: mpus  : [-5.57, 66.52, 11.2, -105.56]
22:02:25.00357: servos: [-103.98, -60.71, 69.99, 0.0]
22:02:25.00363: planes: [72.8, 56.14, 82.6]
22:02:25.00369: ----------------------------------
22:02:25.00533: mpus  : [-8.76, 65.69, 7.27, -114.35]
22:02:25.00534: servos: [-96.92, -68.11, 69.99, 0.0]
22:02:25.00534: planes: [73.06, 57.1, 72.72]
22:02:25.00534: ----------------------------------
22:02:25.00637: mpus  : [-7.66, 64.28, -2.28, -118.13]
22:02:25.00660: servos: [-91.68, -73.31, 69.99, 0.0]
22:02:25.00660: planes: [71.14, 65.76, 58.86]
22:02:25.00661: ----------------------------------
22:02:25.00801: mpus  : [-5.85, 65.1, -3.05, -107.38]
22:02:25.00807: servos: [-85.13, -79.54, 69.99, 0.0]
22:02:25.00813: planes: [72.46, 69.63, 60.54]
22:02:25.00820: ----------------------------------
22:02:26.00053: mpus  : [-5.42, 73.21, -21.64, -117.06]
22:02:26.00060: servos: [-80.52, -85.05, 69.99, 3.04]
22:02:26.00066: planes: [71.14, 87.27, 41.85]
22:02:26.00071: ----------------------------------
22:02:26.00330: mpus  : [-3.39, 66.57, -17.78, -108.04]
22:02:26.00336: servos: [-82.27, -85.71, 70.0, 9.65]
22:02:26.00342: planes: [69.25, 83.54, 49.95]
22:02:26.00343: ----------------------------------
22:02:26.00528: mpus  : [3.4, 69.58, -15.93, -103.56]
22:02:26.00534: servos: [-83.1, -86.11, 69.98, 14.45]
22:02:26.00539: planes: [65.13, 84.29, 55.51]
22:02:26.00545: ----------------------------------
22:02:26.00715: mpus  : [1.01, 68.21, -16.44, -102.28]
22:02:26.00715: servos: [-83.34, -86.27, 69.99, 16.31]
22:02:26.00716: planes: [66.71, 83.91, 50.32]
22:02:26.00716: ----------------------------------
22:02:26.00825: mpus  : [-0.92, 68.5, -14.45, -105.69]
22:02:26.00825: servos: [-83.34, -86.27, 69.99, 16.31]
22:02:26.00826: planes: [69.38, 82.81, 52.26]
22:02:26.00835: ----------------------------------
22:02:27.00065: mpus  : [-1.42, 71.53, -17.02, -105.96]
22:02:27.00071: servos: [-83.34, -86.27, 69.99, 16.31]
22:02:27.00077: planes: [70.91, 86.5, 52.43]
22:02:27.00086: ----------------------------------
22:02:27.00333: mpus  : [-1.4, 67.61, -16.95, -105.03]
22:02:27.00339: servos: [-83.34, -86.27, 69.99, 16.31]
22:02:27.00346: planes: [69.35, 84.89, 58.6]
22:02:27.00352: ----------------------------------
22:02:27.00572: mpus  : [-1.55, 70.12, -15.09, -103.99]
22:02:27.00578: servos: [-83.34, -86.27, 69.99, 16.31]
22:02:27.00584: planes: [69.89, 83.43, 58.75]
22:02:27.00590: ----------------------------------
22:02:27.00772: mpus  : [-4.29, 67.7, -16.41, -107.2]
22:02:27.00778: servos: [-83.34, -86.27, 69.99, 16.31]
22:02:27.00779: planes: [72.99, 85.14, 57.92]
22:02:27.00779: ----------------------------------
22:02:27.00944: mpus  : [-1.68, 71.12, -17.82, -104.67]
22:02:27.00945: servos: [-83.34, -86.27, 69.99, 16.31]
22:02:27.00946: planes: [70.49, 86.57, 55.98]
22:02:27.00946: ----------------------------------
22:02:28.00065: mpus  : [-1.08, 70.16, -14.56, -104.53]
22:02:28.00071: servos: [-83.64, -86.46, 69.99, 13.7]
22:02:28.00072: planes: [68.5, 81.91, 58.56]
22:02:28.00072: ----------------------------------
22:02:28.00242: mpus  : [-1.07, 70.86, -16.09, -103.82]
22:02:28.00248: servos: [-84.12, -86.81, 70.0, 7.41]
22:02:28.00253: planes: [69.72, 84.72, 56.82]
22:02:28.00259: ----------------------------------
22:02:28.00394: mpus  : [-2.97, 68.5, -16.86, -110.42]
22:02:28.00401: servos: [-84.31, -86.94, 69.99, 0.93]
22:02:28.00401: planes: [70.49, 84.47, 49.76]
22:02:28.00402: ----------------------------------
22:02:28.00574: mpus  : [-1.51, 66.32, -13.07, -112.36]
22:02:28.00587: servos: [-84.32, -86.93, 69.98, 0.0]
22:02:28.00593: planes: [66.13, 77.89, 51.27]
22:02:28.00599: ----------------------------------
22:02:28.00771: mpus  : [-3.91, 63.89, -9.74, -111.41]
22:02:28.00778: servos: [-84.32, -86.93, 69.98, 0.0]
22:02:28.00778: planes: [69.28, 75.14, 54.42]
22:02:28.00779: ----------------------------------
22:02:28.00882: mpus  : [-2.86, 63.61, -11.04, -110.4]
22:02:28.00882: servos: [-84.32, -86.93, 69.98, 0.0]
22:02:28.00883: planes: [68.11, 76.3, 54.32]
22:02:28.00884: ----------------------------------
22:02:29.00014: mpus  : [-4.27, 65.31, -12.81, -108.59]
22:02:29.00021: servos: [-84.32, -86.93, 69.98, 0.0]
22:02:29.00027: planes: [71.58, 80.1, 55.92]
22:02:29.00036: ----------------------------------
22:02:29.00218: mpus  : [-4.62, 67.31, -15.55, -108.08]
22:02:29.00231: servos: [-84.32, -86.93, 69.98, 0.0]
22:02:29.00231: planes: [72.14, 83.04, 55.25]
22:02:29.00232: ----------------------------------
22:02:29.00406: mpus  : [-5.48, 67.35, -17.93, -108.31]
22:02:29.00412: servos: [-84.32, -86.93, 69.98, 0.0]
22:02:29.00418: planes: [72.76, 85.18, 53.35]
22:02:29.00424: ----------------------------------
22:02:29.00510: mpus  : [-5.17, 67.12, -18.01, -108.07]
22:02:29.00516: servos: [-84.32, -86.93, 69.98, 0.0]
22:02:29.00523: planes: [72.56, 85.39, 53.31]
22:02:29.00529: ----------------------------------
22:02:29.00729: mpus  : [-4.4, 68.52, -17.08, -106.78]
22:02:29.00729: servos: [-84.32, -86.93, 69.98, 0.0]
22:02:29.00730: planes: [73.38, 86.06, 55.24]
22:02:29.00730: ----------------------------------
22:02:29.00861: Running sequence : sq_down_15_9
22:02:29.00892: mpus  : [-4.74, 68.84, -17.57, -106.42]
22:02:29.00899: servos: [-84.88, -86.44, 69.99, 0.0]
22:02:29.00900: planes: [73.57, 86.39, 55.86]
22:02:29.00906: ----------------------------------
22:02:30.00044: mpus  : [-5.7, 68.95, -18.74, -106.83]
22:02:30.00045: servos: [-88.26, -83.43, 70.0, 0.0]
22:02:30.00050: planes: [74.08, 87.11, 54.52]
22:02:30.00056: ----------------------------------
22:02:30.00232: mpus  : [-5.03, 67.16, -14.84, -109.2]
22:02:30.00238: servos: [-92.65, -79.4, 69.98, 0.0]
22:02:30.00244: planes: [72.34, 82.12, 59.79]
22:02:30.00250: ----------------------------------
22:02:30.00440: mpus  : [-5.48, 68.75, -8.04, -118.87]
22:02:30.00446: servos: [-97.97, -74.37, 69.99, 0.0]
22:02:30.00452: planes: [72.48, 74.99, 59.73]
22:02:30.00459: ----------------------------------
22:02:30.00570: mpus  : [-7.77, 68.57, -6.99, -120.0]
22:02:30.00570: servos: [-100.06, -72.34, 69.98, 0.0]
22:02:30.00571: planes: [75.09, 74.25, 56.86]
22:02:30.00582: ----------------------------------
22:02:30.00662: mpus  : [-6.03, 67.65, -1.98, -112.03]
22:02:30.00667: servos: [-102.63, -69.79, 69.99, 0.0]
22:02:30.00673: planes: [72.19, 68.02, 65.03]
22:02:30.00679: ----------------------------------
22:02:30.00853: mpus  : [-5.92, 66.77, 0.99, -99.58]
22:02:30.00861: servos: [-107.19, -65.13, 69.99, 0.0]
22:02:30.00862: planes: [71.7, 64.76, 71.32]
22:02:30.00862: ----------------------------------
22:02:30.00904: mpus  : [-5.67, 67.24, -0.59, -101.5]
22:02:30.00904: servos: [-108.2, -64.07, 69.98, 0.0]
22:02:30.00904: planes: [72.99, 67.88, 70.56]
22:02:30.00904: ----------------------------------
22:02:30.00978: mpus  : [-6.48, 69.88, 2.25, -105.6]
22:02:30.00985: servos: [-109.7, -62.49, 69.99, 0.0]
22:02:30.00986: planes: [77.14, 68.4, 70.58]
22:02:30.00991: ----------------------------------
22:02:31.00156: mpus  : [-4.89, 69.94, 8.08, -109.67]
22:02:31.00162: servos: [-113.68, -58.17, 69.99, 0.0]
22:02:31.00168: planes: [74.23, 61.26, 76.84]
22:02:31.00173: ----------------------------------
22:02:31.00640: Closing pigpio connection
22:02:31.00641: Movement complete
